This file contains any messages produced by compilers while
running configure, to aid debugging if configure makes a mistake.

It was created by configure, which was
generated by GNU Autoconf 2.53.  Invocation command line was

  $ ./configure --prefix=/usr --prefix=/usr --cache-file=/dev/null --srcdir=.

## --------- ##
## Platform. ##
## --------- ##

hostname = chilek
uname -m = i686
uname -r = 2.4.18-5
uname -s = Linux
uname -v = #1 Mon Jun 10 15:31:48 EDT 2002

/usr/bin/uname -p = unknown
/bin/uname -X     = unknown

/bin/arch              = i686
/usr/bin/arch -k       = unknown
/usr/convex/getsysinfo = unknown
hostinfo               = unknown
/bin/machine           = unknown
/usr/bin/oslevel       = unknown
/bin/universe          = unknown

PATH: /bin
PATH: /usr/bin
PATH: /usr/X11R6/bin
PATH: /usr/local/bin
PATH: /home/chilek/bin


## ----------- ##
## Core tests. ##
## ----------- ##

configure:1251: checking for gcc
configure:1267: found /usr/bin/gcc
configure:1277: result: gcc
configure:1521: checking for C compiler version
configure:1524: gcc --version </dev/null >&5
2.96
configure:1527: $? = 0
configure:1529: gcc -v </dev/null >&5
Reading specs from /usr/lib/gcc-lib/i386-redhat-linux/2.96/specs
gcc version 2.96 20000731 (Red Hat Linux 7.3 2.96-110)
configure:1532: $? = 0
configure:1534: gcc -V </dev/null >&5
gcc: argument to `-V' is missing
configure:1537: $? = 1
configure:1563: checking for C compiler default output
configure:1566: gcc    conftest.c  >&5
configure:1569: $? = 0
configure:1602: result: a.out
configure:1607: checking whether the C compiler works
configure:1613: ./a.out
configure:1616: $? = 0
configure:1631: result: yes
configure:1638: checking whether we are cross compiling
configure:1640: result: no
configure:1643: checking for suffix of executables
configure:1645: gcc -o conftest    conftest.c  >&5
configure:1648: $? = 0
configure:1670: result: 
configure:1676: checking for suffix of object files
configure:1700: gcc -c   conftest.c >&5
configure:1703: $? = 0
configure:1722: result: o
configure:1726: checking whether we are using the GNU C compiler
configure:1753: gcc -c   conftest.c >&5
configure:1756: $? = 0
configure:1759: test -s conftest.o
configure:1762: $? = 0
configure:1774: result: yes
configure:1780: checking whether gcc accepts -g
configure:1804: gcc -c -g  conftest.c >&5
configure:1807: $? = 0
configure:1810: test -s conftest.o
configure:1813: $? = 0
configure:1823: result: yes
configure:1850: gcc -c -g -O2  conftest.c >&5
conftest.c:2: parse error before `me'
configure:1853: $? = 1
configure: failed program was:
#ifndef __cplusplus
  choke me
#endif
configure:2000: checking for a BSD-compatible install
configure:2054: result: /usr/bin/install -c
configure:2106: checking for ranlib
configure:2122: found /usr/bin/ranlib
configure:2133: result: ranlib
configure:2148: checking for gmake
configure:2166: found /usr/bin/gmake
configure:2179: result: /usr/bin/gmake
configure:2238: checking for ar
configure:2256: found /usr/bin/ar
configure:2269: result: /usr/bin/ar
configure:2283: checking for uintXX_t types
configure:2316: gcc -c -g -O2  conftest.c >&5
configure:2319: $? = 0
configure:2322: test -s conftest.o
configure:2325: $? = 0
configure:2337: result: found in <stdint.h>
configure:2364: checking whether byte ordering is bigendian
configure:2394: gcc -c -g -O2  conftest.c >&5
configure:2397: $? = 0
configure:2400: test -s conftest.o
configure:2403: $? = 0
configure:2430: gcc -c -g -O2  conftest.c >&5
configure: In function `main':
configure:2420: `not' undeclared (first use in this function)
configure:2420: (Each undeclared identifier is reported only once
configure:2420: for each function it appears in.)
configure:2420: parse error before `big'
configure:2433: $? = 1
configure: failed program was:
#line 2406 "configure"
#include "confdefs.h"
#include <sys/types.h>
#include <sys/param.h>

#ifdef F77_DUMMY_MAIN
#  ifdef __cplusplus
     extern "C"
#  endif
   int F77_DUMMY_MAIN() { return 1; }
#endif
int
main ()
{
#if BYTE_ORDER != BIG_ENDIAN
 not big endian
#endif

  ;
  return 0;
}
configure:2547: result: no
configure:2615: checking for t_accept in -lnsl
configure:2648: gcc -o conftest -g -O2 -ggdb   conftest.c -lnsl   >&5
/tmp/cceAL71K.o: In function `main':
/usr/src/kadu/libgadu/configure:2640: undefined reference to `t_accept'
collect2: ld returned 1 exit status
configure:2651: $? = 1
configure: failed program was:
#line 2622 "configure"
#include "confdefs.h"

/* Override any gcc2 internal prototype to avoid an error.  */
#ifdef __cplusplus
extern "C"
#endif
/* We use char because int might match the return type of a gcc2
   builtin and then its argument prototype would still apply.  */
char t_accept ();
#ifdef F77_DUMMY_MAIN
#  ifdef __cplusplus
     extern "C"
#  endif
   int F77_DUMMY_MAIN() { return 1; }
#endif
int
main ()
{
t_accept ();
  ;
  return 0;
}
configure:2668: result: no
configure:2674: checking for socket in -lsocket
configure:2707: gcc -o conftest -g -O2 -ggdb   conftest.c -lsocket   >&5
/usr/bin/ld: cannot find -lsocket
collect2: ld returned 1 exit status
configure:2710: $? = 1
configure: failed program was:
#line 2681 "configure"
#include "confdefs.h"

/* Override any gcc2 internal prototype to avoid an error.  */
#ifdef __cplusplus
extern "C"
#endif
/* We use char because int might match the return type of a gcc2
   builtin and then its argument prototype would still apply.  */
char socket ();
#ifdef F77_DUMMY_MAIN
#  ifdef __cplusplus
     extern "C"
#  endif
   int F77_DUMMY_MAIN() { return 1; }
#endif
int
main ()
{
socket ();
  ;
  return 0;
}
configure:2727: result: no
configure:7720: creating ./config.status

## ---------------------- ##
## Running config.status. ##
## ---------------------- ##

This file was extended by config.status, which was
generated by GNU Autoconf 2.53.  Invocation command line was

  CONFIG_FILES    = 
  CONFIG_HEADERS  = 
  CONFIG_LINKS    = 
  CONFIG_COMMANDS = 
  $ ./config.status 

on chilek

config.status:592: creating Makefile
config.status:592: creating lib/Makefile
config.status:592: creating examples/Makefile
config.status:696: creating config.h
config.status:777: config.h is unchanged

## ---------------- ##
## Cache variables. ##
## ---------------- ##

ac_cv_c_bigendian=no
ac_cv_c_compiler_gnu=yes
ac_cv_env_CC_set=
ac_cv_env_CC_value=
ac_cv_env_CFLAGS_set=
ac_cv_env_CFLAGS_value=
ac_cv_env_CPPFLAGS_set=
ac_cv_env_CPPFLAGS_value=
ac_cv_env_CPP_set=
ac_cv_env_CPP_value=
ac_cv_env_LDFLAGS_set=
ac_cv_env_LDFLAGS_value=
ac_cv_env_build_alias_set=
ac_cv_env_build_alias_value=
ac_cv_env_host_alias_set=
ac_cv_env_host_alias_value=
ac_cv_env_target_alias_set=
ac_cv_env_target_alias_value=
ac_cv_exeext=
ac_cv_lib_nsl_t_accept=no
ac_cv_lib_socket_socket=no
ac_cv_objext=o
ac_cv_path_AR=/usr/bin/ar
ac_cv_path_GMAKE=/usr/bin/gmake
ac_cv_path_install='/usr/bin/install -c'
ac_cv_prog_ac_ct_CC=gcc
ac_cv_prog_ac_ct_RANLIB=ranlib
ac_cv_prog_cc_g=yes

## ----------- ##
## confdefs.h. ##
## ----------- ##

#define PACKAGE_NAME ""
#define PACKAGE_TARNAME ""
#define PACKAGE_VERSION ""
#define PACKAGE_STRING ""
#define PACKAGE_BUGREPORT ""

configure: exit 0
